#
# A fatal error has been detected by the Java Runtime Environment:
#
#  Internal Error (./open/src/hotspot/share/interpreter/oopMapCache.cpp:111), pid=8196, tid=11488
#  Error: ShouldNotReachHere()
#
# JRE version: OpenJDK Runtime Environment (15.0.2+7) (build 15.0.2+7-27)
# Java VM: OpenJDK 64-Bit Server VM (15.0.2+7-27, mixed mode, sharing, tiered, compressed oops, g1 gc, windows-amd64)
# No core dump will be written. Minidumps are not enabled by default on client versions of Windows
#
# If you would like to submit a bug report, please visit:
#   https://bugreport.java.com/bugreport/crash.jsp
#

---------------  S U M M A R Y ------------

Command Line: -agentlib:jdwp=transport=dt_socket,address=127.0.0.1:62279,suspend=y,server=n -ea -Didea.test.cyclic.buffer.size=1048576 -javaagent:C:\Users\Elodie\AppData\Local\JetBrains\IdeaIC2020.3\captureAgent\debugger-agent.jar -Dfile.encoding=UTF-8 com.intellij.rt.junit.JUnitStarter -ideVersion5 -junit5 test.fr.eni.dal.PersonneDaoBddTest,delete

Host: Intel(R) Core(TM) i5-5300U CPU @ 2.30GHz, 4 cores, 7G,  Windows 10 , 64 bit Build 18362 (10.0.18362.1350)
Time: Tue Mar  9 13:47:47 2021 Paris, Madrid elapsed time: 1042.395265 seconds (0d 0h 17m 22s)

---------------  T H R E A D  ---------------

Current thread (0x0000026affd4bba0):  JavaThread "JDWP Transport Listener: dt_socket" daemon [_thread_in_vm, id=11488, stack(0x00000093a6f00000,0x00000093a7000000)] _threads_hazard_ptr=0x0000026a8f2a6aa0

Stack: [0x00000093a6f00000,0x00000093a7000000]
Native frames: (J=compiled Java code, j=interpreted, Vv=VM code, C=native code)
V  [jvm.dll+0x62ae9a]
V  [jvm.dll+0x7817a9]
V  [jvm.dll+0x782f03]
V  [jvm.dll+0x783517]
V  [jvm.dll+0x21628c]
V  [jvm.dll+0x2161d3]
V  [jvm.dll+0x619eea]
V  [jvm.dll+0x619ba3]
V  [jvm.dll+0x5df278]
V  [jvm.dll+0x77876f]
V  [jvm.dll+0x4f02e1]
V  [jvm.dll+0x7882b5]
V  [jvm.dll+0x4d40ea]
V  [jvm.dll+0x49526b]
C  [jdwp.dll+0x796b]


---------------  P R O C E S S  ---------------

Threads class SMR info:
_java_thread_list=0x0000026a8f2a6aa0, length=15, elements={
0x0000026aee2ba5b0, 0x0000026aff244a80, 0x0000026aff247470, 0x0000026aff25d4a0,
0x0000026aff25fd70, 0x0000026aff260630, 0x0000026aff262230, 0x0000026aff262b30,
0x0000026aff266ff0, 0x0000026aff221f90, 0x0000026affd4bba0, 0x0000026affdeb0d0,
0x0000026affd7c4a0, 0x0000026affef43c0, 0x0000026a8f537530
}

Java Threads: ( => current thread )
  0x0000026aee2ba5b0 JavaThread "main" [_thread_blocked, id=5888, stack(0x00000093a5f00000,0x00000093a6000000)]
  0x0000026aff244a80 JavaThread "Reference Handler" daemon [_thread_blocked, id=3316, stack(0x00000093a6600000,0x00000093a6700000)]
  0x0000026aff247470 JavaThread "Finalizer" daemon [_thread_blocked, id=7560, stack(0x00000093a6700000,0x00000093a6800000)]
  0x0000026aff25d4a0 JavaThread "Signal Dispatcher" daemon [_thread_blocked, id=1068, stack(0x00000093a6800000,0x00000093a6900000)]
  0x0000026aff25fd70 JavaThread "Attach Listener" daemon [_thread_blocked, id=1944, stack(0x00000093a6900000,0x00000093a6a00000)]
  0x0000026aff260630 JavaThread "Service Thread" daemon [_thread_blocked, id=7812, stack(0x00000093a6a00000,0x00000093a6b00000)]
  0x0000026aff262230 JavaThread "C2 CompilerThread0" daemon [_thread_blocked, id=12384, stack(0x00000093a6b00000,0x00000093a6c00000)]
  0x0000026aff262b30 JavaThread "C1 CompilerThread0" daemon [_thread_blocked, id=9648, stack(0x00000093a6c00000,0x00000093a6d00000)]
  0x0000026aff266ff0 JavaThread "Sweeper thread" daemon [_thread_blocked, id=5828, stack(0x00000093a6d00000,0x00000093a6e00000)]
  0x0000026aff221f90 JavaThread "Common-Cleaner" daemon [_thread_blocked, id=5664, stack(0x00000093a6e00000,0x00000093a6f00000)]
=>0x0000026affd4bba0 JavaThread "JDWP Transport Listener: dt_socket" daemon [_thread_in_vm, id=11488, stack(0x00000093a6f00000,0x00000093a7000000)] _threads_hazard_ptr=0x0000026a8f2a6aa0
  0x0000026affdeb0d0 JavaThread "JDWP Event Helper Thread" daemon [_thread_blocked, id=9976, stack(0x00000093a7000000,0x00000093a7100000)]
  0x0000026affd7c4a0 JavaThread "JDWP Command Reader" daemon [_thread_in_native, id=9732, stack(0x00000093a7100000,0x00000093a7200000)]
  0x0000026affef43c0 JavaThread "Notification Thread" daemon [_thread_blocked, id=4472, stack(0x00000093a7300000,0x00000093a7400000)]
  0x0000026a8f537530 JavaThread "MySQL Statement Cancellation Timer" daemon [_thread_blocked, id=3220, stack(0x00000093a7200000,0x00000093a7300000)]

Other Threads:
  0x0000026aff23d450 VMThread "VM Thread" [stack: 0x00000093a6500000,0x00000093a6600000] [id=2392]
  0x0000026aee2bb6e0 WatcherThread [stack: 0x00000093a7400000,0x00000093a7500000] [id=10260]
  0x0000026aee2f91c0 GCTaskThread "GC Thread#0" [stack: 0x00000093a6000000,0x00000093a6100000] [id=8948]
  0x0000026a8f256140 GCTaskThread "GC Thread#1" [stack: 0x00000093a7500000,0x00000093a7600000] [id=13192]
  0x0000026aee30a900 ConcurrentGCThread "G1 Main Marker" [stack: 0x00000093a6100000,0x00000093a6200000] [id=4872]
  0x0000026aee30b400 ConcurrentGCThread "G1 Conc#0" [stack: 0x00000093a6200000,0x00000093a6300000] [id=1208]
  0x0000026aee36f830 ConcurrentGCThread "G1 Refine#0" [stack: 0x00000093a6300000,0x00000093a6400000] [id=872]
  0x0000026aee370340 ConcurrentGCThread "G1 Young RemSet Sampling" [stack: 0x00000093a6400000,0x00000093a6500000] [id=2712]

Threads with active compile tasks:

VM state: not at safepoint (normal execution)

VM Mutex/Monitor currently owned by a thread: None

Heap address: 0x0000000084a00000, size: 1974 MB, Compressed Oops mode: 32-bit
CDS archive(s) mapped at: [0x0000000800000000-0x0000000800b50000-0x0000000800b50000), size 11862016, SharedBaseAddress: 0x0000000800000000, ArchiveRelocationMode: 0.
Compressed class space mapped at: 0x0000000800b50000-0x0000000840b50000, size: 1073741824
Narrow klass base: 0x0000000800000000, Narrow klass shift: 3, Narrow klass range: 0x100000000

GC Precious Log:
 CPUs: 4 total, 4 available
 Memory: 7888M
 Large Page Support: Disabled
 NUMA Support: Disabled
 Compressed Oops: Enabled (32-bit)
 Heap Region Size: 1M
 Heap Min Capacity: 8M
 Heap Initial Capacity: 124M
 Heap Max Capacity: 1974M
 Pre-touch: Disabled
 Parallel Workers: 4
 Concurrent Workers: 1
 Concurrent Refinement Workers: 4
 Periodic GC: Disabled

Heap:
 garbage-first heap   total 126976K, used 12068K [0x0000000084a00000, 0x0000000100000000)
  region size 1024K, 13 young (13312K), 2 survivors (2048K)
 Metaspace       used 6338K, capacity 8143K, committed 8320K, reserved 1056768K
  class space    used 686K, capacity 879K, committed 896K, reserved 1048576K

Heap Regions: E=young(eden), S=young(survivor), O=old, HS=humongous(starts), HC=humongous(continues), CS=collection set, F=free, OA=open archive, CA=closed archive, TAMS=top-at-mark-start (previous, next)
|   0|0x0000000084a00000, 0x0000000084ac9000, 0x0000000084b00000| 78%| O|  |TAMS 0x0000000084a00000, 0x0000000084a00000| Untracked 
|   1|0x0000000084b00000, 0x0000000084b00000, 0x0000000084c00000|  0%| F|  |TAMS 0x0000000084b00000, 0x0000000084b00000| Untracked 
|   2|0x0000000084c00000, 0x0000000084c00000, 0x0000000084d00000|  0%| F|  |TAMS 0x0000000084c00000, 0x0000000084c00000| Untracked 
|   3|0x0000000084d00000, 0x0000000084d00000, 0x0000000084e00000|  0%| F|  |TAMS 0x0000000084d00000, 0x0000000084d00000| Untracked 
|   4|0x0000000084e00000, 0x0000000084e00000, 0x0000000084f00000|  0%| F|  |TAMS 0x0000000084e00000, 0x0000000084e00000| Untracked 
|   5|0x0000000084f00000, 0x0000000084f00000, 0x0000000085000000|  0%| F|  |TAMS 0x0000000084f00000, 0x0000000084f00000| Untracked 
|   6|0x0000000085000000, 0x0000000085000000, 0x0000000085100000|  0%| F|  |TAMS 0x0000000085000000, 0x0000000085000000| Untracked 
|   7|0x0000000085100000, 0x0000000085100000, 0x0000000085200000|  0%| F|  |TAMS 0x0000000085100000, 0x0000000085100000| Untracked 
|   8|0x0000000085200000, 0x0000000085200000, 0x0000000085300000|  0%| F|  |TAMS 0x0000000085200000, 0x0000000085200000| Untracked 
|   9|0x0000000085300000, 0x0000000085300000, 0x0000000085400000|  0%| F|  |TAMS 0x0000000085300000, 0x0000000085300000| Untracked 
|  10|0x0000000085400000, 0x0000000085400000, 0x0000000085500000|  0%| F|  |TAMS 0x0000000085400000, 0x0000000085400000| Untracked 
|  11|0x0000000085500000, 0x0000000085500000, 0x0000000085600000|  0%| F|  |TAMS 0x0000000085500000, 0x0000000085500000| Untracked 
|  12|0x0000000085600000, 0x0000000085600000, 0x0000000085700000|  0%| F|  |TAMS 0x0000000085600000, 0x0000000085600000| Untracked 
|  13|0x0000000085700000, 0x0000000085700000, 0x0000000085800000|  0%| F|  |TAMS 0x0000000085700000, 0x0000000085700000| Untracked 
|  14|0x0000000085800000, 0x0000000085800000, 0x0000000085900000|  0%| F|  |TAMS 0x0000000085800000, 0x0000000085800000| Untracked 
|  15|0x0000000085900000, 0x0000000085900000, 0x0000000085a00000|  0%| F|  |TAMS 0x0000000085900000, 0x0000000085900000| Untracked 
|  16|0x0000000085a00000, 0x0000000085a00000, 0x0000000085b00000|  0%| F|  |TAMS 0x0000000085a00000, 0x0000000085a00000| Untracked 
|  17|0x0000000085b00000, 0x0000000085b00000, 0x0000000085c00000|  0%| F|  |TAMS 0x0000000085b00000, 0x0000000085b00000| Untracked 
|  18|0x0000000085c00000, 0x0000000085c00000, 0x0000000085d00000|  0%| F|  |TAMS 0x0000000085c00000, 0x0000000085c00000| Untracked 
|  19|0x0000000085d00000, 0x0000000085d00000, 0x0000000085e00000|  0%| F|  |TAMS 0x0000000085d00000, 0x0000000085d00000| Untracked 
|  20|0x0000000085e00000, 0x0000000085e00000, 0x0000000085f00000|  0%| F|  |TAMS 0x0000000085e00000, 0x0000000085e00000| Untracked 
|  21|0x0000000085f00000, 0x0000000085f00000, 0x0000000086000000|  0%| F|  |TAMS 0x0000000085f00000, 0x0000000085f00000| Untracked 
|  22|0x0000000086000000, 0x0000000086000000, 0x0000000086100000|  0%| F|  |TAMS 0x0000000086000000, 0x0000000086000000| Untracked 
|  23|0x0000000086100000, 0x0000000086100000, 0x0000000086200000|  0%| F|  |TAMS 0x0000000086100000, 0x0000000086100000| Untracked 
|  24|0x0000000086200000, 0x0000000086200000, 0x0000000086300000|  0%| F|  |TAMS 0x0000000086200000, 0x0000000086200000| Untracked 
|  25|0x0000000086300000, 0x0000000086300000, 0x0000000086400000|  0%| F|  |TAMS 0x0000000086300000, 0x0000000086300000| Untracked 
|  26|0x0000000086400000, 0x0000000086400000, 0x0000000086500000|  0%| F|  |TAMS 0x0000000086400000, 0x0000000086400000| Untracked 
|  27|0x0000000086500000, 0x0000000086500000, 0x0000000086600000|  0%| F|  |TAMS 0x0000000086500000, 0x0000000086500000| Untracked 
|  28|0x0000000086600000, 0x0000000086600000, 0x0000000086700000|  0%| F|  |TAMS 0x0000000086600000, 0x0000000086600000| Untracked 
|  29|0x0000000086700000, 0x0000000086700000, 0x0000000086800000|  0%| F|  |TAMS 0x0000000086700000, 0x0000000086700000| Untracked 
|  30|0x0000000086800000, 0x0000000086800000, 0x0000000086900000|  0%| F|  |TAMS 0x0000000086800000, 0x0000000086800000| Untracked 
|  31|0x0000000086900000, 0x0000000086900000, 0x0000000086a00000|  0%| F|  |TAMS 0x0000000086900000, 0x0000000086900000| Untracked 
|  32|0x0000000086a00000, 0x0000000086a00000, 0x0000000086b00000|  0%| F|  |TAMS 0x0000000086a00000, 0x0000000086a00000| Untracked 
|  33|0x0000000086b00000, 0x0000000086b00000, 0x0000000086c00000|  0%| F|  |TAMS 0x0000000086b00000, 0x0000000086b00000| Untracked 
|  34|0x0000000086c00000, 0x0000000086c00000, 0x0000000086d00000|  0%| F|  |TAMS 0x0000000086c00000, 0x0000000086c00000| Untracked 
|  35|0x0000000086d00000, 0x0000000086d00000, 0x0000000086e00000|  0%| F|  |TAMS 0x0000000086d00000, 0x0000000086d00000| Untracked 
|  36|0x0000000086e00000, 0x0000000086e00000, 0x0000000086f00000|  0%| F|  |TAMS 0x0000000086e00000, 0x0000000086e00000| Untracked 
|  37|0x0000000086f00000, 0x0000000086f00000, 0x0000000087000000|  0%| F|  |TAMS 0x0000000086f00000, 0x0000000086f00000| Untracked 
|  38|0x0000000087000000, 0x0000000087000000, 0x0000000087100000|  0%| F|  |TAMS 0x0000000087000000, 0x0000000087000000| Untracked 
|  39|0x0000000087100000, 0x0000000087100000, 0x0000000087200000|  0%| F|  |TAMS 0x0000000087100000, 0x0000000087100000| Untracked 
|  40|0x0000000087200000, 0x0000000087200000, 0x0000000087300000|  0%| F|  |TAMS 0x0000000087200000, 0x0000000087200000| Untracked 
|  41|0x0000000087300000, 0x0000000087300000, 0x0000000087400000|  0%| F|  |TAMS 0x0000000087300000, 0x0000000087300000| Untracked 
|  42|0x0000000087400000, 0x0000000087400000, 0x0000000087500000|  0%| F|  |TAMS 0x0000000087400000, 0x0000000087400000| Untracked 
|  43|0x0000000087500000, 0x0000000087500000, 0x0000000087600000|  0%| F|  |TAMS 0x0000000087500000, 0x0000000087500000| Untracked 
|  44|0x0000000087600000, 0x0000000087600000, 0x0000000087700000|  0%| F|  |TAMS 0x0000000087600000, 0x0000000087600000| Untracked 
|  45|0x0000000087700000, 0x0000000087700000, 0x0000000087800000|  0%| F|  |TAMS 0x0000000087700000, 0x0000000087700000| Untracked 
|  46|0x0000000087800000, 0x0000000087800000, 0x0000000087900000|  0%| F|  |TAMS 0x0000000087800000, 0x0000000087800000| Untracked 
|  47|0x0000000087900000, 0x0000000087900000, 0x0000000087a00000|  0%| F|  |TAMS 0x0000000087900000, 0x0000000087900000| Untracked 
|  48|0x0000000087a00000, 0x0000000087a00000, 0x0000000087b00000|  0%| F|  |TAMS 0x0000000087a00000, 0x0000000087a00000| Untracked 
|  49|0x0000000087b00000, 0x0000000087b00000, 0x0000000087c00000|  0%| F|  |TAMS 0x0000000087b00000, 0x0000000087b00000| Untracked 
|  50|0x0000000087c00000, 0x0000000087c00000, 0x0000000087d00000|  0%| F|  |TAMS 0x0000000087c00000, 0x0000000087c00000| Untracked 
|  51|0x0000000087d00000, 0x0000000087d00000, 0x0000000087e00000|  0%| F|  |TAMS 0x0000000087d00000, 0x0000000087d00000| Untracked 
|  52|0x0000000087e00000, 0x0000000087e00000, 0x0000000087f00000|  0%| F|  |TAMS 0x0000000087e00000, 0x0000000087e00000| Untracked 
|  53|0x0000000087f00000, 0x0000000087f00000, 0x0000000088000000|  0%| F|  |TAMS 0x0000000087f00000, 0x0000000087f00000| Untracked 
|  54|0x0000000088000000, 0x0000000088000000, 0x0000000088100000|  0%| F|  |TAMS 0x0000000088000000, 0x0000000088000000| Untracked 
|  55|0x0000000088100000, 0x0000000088100000, 0x0000000088200000|  0%| F|  |TAMS 0x0000000088100000, 0x0000000088100000| Untracked 
|  56|0x0000000088200000, 0x0000000088200000, 0x0000000088300000|  0%| F|  |TAMS 0x0000000088200000, 0x0000000088200000| Untracked 
|  57|0x0000000088300000, 0x0000000088300000, 0x0000000088400000|  0%| F|  |TAMS 0x0000000088300000, 0x0000000088300000| Untracked 
|  58|0x0000000088400000, 0x0000000088400000, 0x0000000088500000|  0%| F|  |TAMS 0x0000000088400000, 0x0000000088400000| Untracked 
|  59|0x0000000088500000, 0x0000000088500000, 0x0000000088600000|  0%| F|  |TAMS 0x0000000088500000, 0x0000000088500000| Untracked 
|  60|0x0000000088600000, 0x0000000088600000, 0x0000000088700000|  0%| F|  |TAMS 0x0000000088600000, 0x0000000088600000| Untracked 
|  61|0x0000000088700000, 0x0000000088700000, 0x0000000088800000|  0%| F|  |TAMS 0x0000000088700000, 0x0000000088700000| Untracked 
|  62|0x0000000088800000, 0x0000000088800000, 0x0000000088900000|  0%| F|  |TAMS 0x0000000088800000, 0x0000000088800000| Untracked 
|  63|0x0000000088900000, 0x0000000088900000, 0x0000000088a00000|  0%| F|  |TAMS 0x0000000088900000, 0x0000000088900000| Untracked 
|  64|0x0000000088a00000, 0x0000000088a00000, 0x0000000088b00000|  0%| F|  |TAMS 0x0000000088a00000, 0x0000000088a00000| Untracked 
|  65|0x0000000088b00000, 0x0000000088b00000, 0x0000000088c00000|  0%| F|  |TAMS 0x0000000088b00000, 0x0000000088b00000| Untracked 
|  66|0x0000000088c00000, 0x0000000088c00000, 0x0000000088d00000|  0%| F|  |TAMS 0x0000000088c00000, 0x0000000088c00000| Untracked 
|  67|0x0000000088d00000, 0x0000000088d00000, 0x0000000088e00000|  0%| F|  |TAMS 0x0000000088d00000, 0x0000000088d00000| Untracked 
|  68|0x0000000088e00000, 0x0000000088e00000, 0x0000000088f00000|  0%| F|  |TAMS 0x0000000088e00000, 0x0000000088e00000| Untracked 
|  69|0x0000000088f00000, 0x0000000088f00000, 0x0000000089000000|  0%| F|  |TAMS 0x0000000088f00000, 0x0000000088f00000| Untracked 
|  70|0x0000000089000000, 0x0000000089000000, 0x0000000089100000|  0%| F|  |TAMS 0x0000000089000000, 0x0000000089000000| Untracked 
|  71|0x0000000089100000, 0x0000000089100000, 0x0000000089200000|  0%| F|  |TAMS 0x0000000089100000, 0x0000000089100000| Untracked 
|  72|0x0000000089200000, 0x0000000089200000, 0x0000000089300000|  0%| F|  |TAMS 0x0000000089200000, 0x0000000089200000| Untracked 
|  73|0x0000000089300000, 0x0000000089300000, 0x0000000089400000|  0%| F|  |TAMS 0x0000000089300000, 0x0000000089300000| Untracked 
|  74|0x0000000089400000, 0x0000000089400000, 0x0000000089500000|  0%| F|  |TAMS 0x0000000089400000, 0x0000000089400000| Untracked 
|  75|0x0000000089500000, 0x0000000089500000, 0x0000000089600000|  0%| F|  |TAMS 0x0000000089500000, 0x0000000089500000| Untracked 
|  76|0x0000000089600000, 0x0000000089600000, 0x0000000089700000|  0%| F|  |TAMS 0x0000000089600000, 0x0000000089600000| Untracked 
|  77|0x0000000089700000, 0x0000000089700000, 0x0000000089800000|  0%| F|  |TAMS 0x0000000089700000, 0x0000000089700000| Untracked 
|  78|0x0000000089800000, 0x0000000089800000, 0x0000000089900000|  0%| F|  |TAMS 0x0000000089800000, 0x0000000089800000| Untracked 
|  79|0x0000000089900000, 0x0000000089900000, 0x0000000089a00000|  0%| F|  |TAMS 0x0000000089900000, 0x0000000089900000| Untracked 
|  80|0x0000000089a00000, 0x0000000089a00000, 0x0000000089b00000|  0%| F|  |TAMS 0x0000000089a00000, 0x0000000089a00000| Untracked 
|  81|0x0000000089b00000, 0x0000000089b00000, 0x0000000089c00000|  0%| F|  |TAMS 0x0000000089b00000, 0x0000000089b00000| Untracked 
|  82|0x0000000089c00000, 0x0000000089c00000, 0x0000000089d00000|  0%| F|  |TAMS 0x0000000089c00000, 0x0000000089c00000| Untracked 
|  83|0x0000000089d00000, 0x0000000089d00000, 0x0000000089e00000|  0%| F|  |TAMS 0x0000000089d00000, 0x0000000089d00000| Untracked 
|  84|0x0000000089e00000, 0x0000000089e00000, 0x0000000089f00000|  0%| F|  |TAMS 0x0000000089e00000, 0x0000000089e00000| Untracked 
|  85|0x0000000089f00000, 0x0000000089f00000, 0x000000008a000000|  0%| F|  |TAMS 0x0000000089f00000, 0x0000000089f00000| Untracked 
|  86|0x000000008a000000, 0x000000008a000000, 0x000000008a100000|  0%| F|  |TAMS 0x000000008a000000, 0x000000008a000000| Untracked 
|  87|0x000000008a100000, 0x000000008a100000, 0x000000008a200000|  0%| F|  |TAMS 0x000000008a100000, 0x000000008a100000| Untracked 
|  88|0x000000008a200000, 0x000000008a200000, 0x000000008a300000|  0%| F|  |TAMS 0x000000008a200000, 0x000000008a200000| Untracked 
|  89|0x000000008a300000, 0x000000008a300000, 0x000000008a400000|  0%| F|  |TAMS 0x000000008a300000, 0x000000008a300000| Untracked 
|  90|0x000000008a400000, 0x000000008a400000, 0x000000008a500000|  0%| F|  |TAMS 0x000000008a400000, 0x000000008a400000| Untracked 
|  91|0x000000008a500000, 0x000000008a500000, 0x000000008a600000|  0%| F|  |TAMS 0x000000008a500000, 0x000000008a500000| Untracked 
|  92|0x000000008a600000, 0x000000008a600000, 0x000000008a700000|  0%| F|  |TAMS 0x000000008a600000, 0x000000008a600000| Untracked 
|  93|0x000000008a700000, 0x000000008a700000, 0x000000008a800000|  0%| F|  |TAMS 0x000000008a700000, 0x000000008a700000| Untracked 
|  94|0x000000008a800000, 0x000000008a800000, 0x000000008a900000|  0%| F|  |TAMS 0x000000008a800000, 0x000000008a800000| Untracked 
|  95|0x000000008a900000, 0x000000008a900000, 0x000000008aa00000|  0%| F|  |TAMS 0x000000008a900000, 0x000000008a900000| Untracked 
|  96|0x000000008aa00000, 0x000000008aa00000, 0x000000008ab00000|  0%| F|  |TAMS 0x000000008aa00000, 0x000000008aa00000| Untracked 
|  97|0x000000008ab00000, 0x000000008ab00000, 0x000000008ac00000|  0%| F|  |TAMS 0x000000008ab00000, 0x000000008ab00000| Untracked 
|  98|0x000000008ac00000, 0x000000008ac00000, 0x000000008ad00000|  0%| F|  |TAMS 0x000000008ac00000, 0x000000008ac00000| Untracked 
|  99|0x000000008ad00000, 0x000000008ad00000, 0x000000008ae00000|  0%| F|  |TAMS 0x000000008ad00000, 0x000000008ad00000| Untracked 
| 100|0x000000008ae00000, 0x000000008ae00000, 0x000000008af00000|  0%| F|  |TAMS 0x000000008ae00000, 0x000000008ae00000| Untracked 
| 101|0x000000008af00000, 0x000000008af00000, 0x000000008b000000|  0%| F|  |TAMS 0x000000008af00000, 0x000000008af00000| Untracked 
| 102|0x000000008b000000, 0x000000008b000000, 0x000000008b100000|  0%| F|  |TAMS 0x000000008b000000, 0x000000008b000000| Untracked 
| 103|0x000000008b100000, 0x000000008b100000, 0x000000008b200000|  0%| F|  |TAMS 0x000000008b100000, 0x000000008b100000| Untracked 
| 104|0x000000008b200000, 0x000000008b200000, 0x000000008b300000|  0%| F|  |TAMS 0x000000008b200000, 0x000000008b200000| Untracked 
| 105|0x000000008b300000, 0x000000008b300000, 0x000000008b400000|  0%| F|  |TAMS 0x000000008b300000, 0x000000008b300000| Untracked 
| 106|0x000000008b400000, 0x000000008b400000, 0x000000008b500000|  0%| F|  |TAMS 0x000000008b400000, 0x000000008b400000| Untracked 
| 107|0x000000008b500000, 0x000000008b500000, 0x000000008b600000|  0%| F|  |TAMS 0x000000008b500000, 0x000000008b500000| Untracked 
| 108|0x000000008b600000, 0x000000008b600000, 0x000000008b700000|  0%| F|  |TAMS 0x000000008b600000, 0x000000008b600000| Untracked 
| 109|0x000000008b700000, 0x000000008b800000, 0x000000008b800000|100%| S|CS|TAMS 0x000000008b700000, 0x000000008b700000| Complete 
| 110|0x000000008b800000, 0x000000008b900000, 0x000000008b900000|100%| S|CS|TAMS 0x000000008b800000, 0x000000008b800000| Complete 
| 111|0x000000008b900000, 0x000000008b900000, 0x000000008ba00000|  0%| F|  |TAMS 0x000000008b900000, 0x000000008b900000| Untracked 
| 112|0x000000008ba00000, 0x000000008ba00000, 0x000000008bb00000|  0%| F|  |TAMS 0x000000008ba00000, 0x000000008ba00000| Untracked 
| 113|0x000000008bb00000, 0x000000008bc00000, 0x000000008bc00000|100%| E|  |TAMS 0x000000008bb00000, 0x000000008bb00000| Complete 
| 114|0x000000008bc00000, 0x000000008bd00000, 0x000000008bd00000|100%| E|CS|TAMS 0x000000008bc00000, 0x000000008bc00000| Complete 
| 115|0x000000008bd00000, 0x000000008be00000, 0x000000008be00000|100%| E|CS|TAMS 0x000000008bd00000, 0x000000008bd00000| Complete 
| 116|0x000000008be00000, 0x000000008bf00000, 0x000000008bf00000|100%| E|CS|TAMS 0x000000008be00000, 0x000000008be00000| Complete 
| 117|0x000000008bf00000, 0x000000008c000000, 0x000000008c000000|100%| E|CS|TAMS 0x000000008bf00000, 0x000000008bf00000| Complete 
| 118|0x000000008c000000, 0x000000008c100000, 0x000000008c100000|100%| E|  |TAMS 0x000000008c000000, 0x000000008c000000| Complete 
| 119|0x000000008c100000, 0x000000008c200000, 0x000000008c200000|100%| E|CS|TAMS 0x000000008c100000, 0x000000008c100000| Complete 
| 120|0x000000008c200000, 0x000000008c300000, 0x000000008c300000|100%| E|CS|TAMS 0x000000008c200000, 0x000000008c200000| Complete 
| 121|0x000000008c300000, 0x000000008c400000, 0x000000008c400000|100%| E|CS|TAMS 0x000000008c300000, 0x000000008c300000| Complete 
| 122|0x000000008c400000, 0x000000008c500000, 0x000000008c500000|100%| E|CS|TAMS 0x000000008c400000, 0x000000008c400000| Complete 
| 123|0x000000008c500000, 0x000000008c600000, 0x000000008c600000|100%| E|CS|TAMS 0x000000008c500000, 0x000000008c500000| Complete 

Card table byte_map: [0x0000026af86f0000,0x0000026af8ad0000] _byte_map_base: 0x0000026af82cb000

Marking Bits (Prev, Next): (CMBitMap*) 0x0000026aee2fa8d0, (CMBitMap*) 0x0000026aee2fa910
 Prev Bits: [0x0000026af8eb0000, 0x0000026afad88000)
 Next Bits: [0x0000026afad90000, 0x0000026afcc68000)

Polling page: 0x0000026aee150000

Metaspace:

Usage:
  Non-class:      7.09 MB capacity,     5.52 MB ( 78%) used,     1.56 MB ( 22%) free+waste,    11.69 KB ( <1%) overhead. 
      Class:    879.00 KB capacity,   686.80 KB ( 78%) used,   186.88 KB ( 21%) free+waste,     5.31 KB ( <1%) overhead. 
       Both:      7.95 MB capacity,     6.19 MB ( 78%) used,     1.75 MB ( 22%) free+waste,    17.00 KB ( <1%) overhead. 

Virtual space:
  Non-class space:        8.00 MB reserved,       7.25 MB ( 91%) committed 
      Class space:        1.00 GB reserved,     896.00 KB ( <1%) committed 
             Both:        1.01 GB reserved,       8.13 MB ( <1%) committed 

Chunk freelists:
   Non-Class:  32.00 KB
       Class:  0 bytes
        Both:  32.00 KB

MaxMetaspaceSize: 17179869184.00 GB
CompressedClassSpaceSize: 1.00 GB

CodeHeap 'non-profiled nmethods': size=120000Kb used=483Kb max_used=483Kb free=119516Kb
 bounds [0x0000026a87ad0000, 0x0000026a87d40000, 0x0000026a8f000000]
CodeHeap 'profiled nmethods': size=120000Kb used=2517Kb max_used=2517Kb free=117483Kb
 bounds [0x0000026a805a0000, 0x0000026a80820000, 0x0000026a87ad0000]
CodeHeap 'non-nmethods': size=5760Kb used=1275Kb max_used=1293Kb free=4484Kb
 bounds [0x0000026a80000000, 0x0000026a80270000, 0x0000026a805a0000]
 total_blobs=1784 nmethods=1330 adapters=367
 compilation: enabled
              stopped_count=0, restarted_count=0
 full_count=0

Compilation events (20 events):
Event: 82.019 Thread 0x0000026aff262b30 nmethod 1314 0x0000026a8080db90 code [0x0000026a8080ddc0, 0x0000026a8080e9f8]
Event: 82.019 Thread 0x0000026aff262b30 1316       3       java.util.ImmutableCollections$List12::get (35 bytes)
Event: 82.019 Thread 0x0000026aff262b30 nmethod 1316 0x0000026a8080ee10 code [0x0000026a8080efc0, 0x0000026a8080f268]
Event: 82.020 Thread 0x0000026aff262b30 1318   !   3       java.lang.invoke.MemberName::getFieldType (177 bytes)
Event: 82.020 Thread 0x0000026aff262230 nmethod 1315 0x0000026a87b47c90 code [0x0000026a87b47e20, 0x0000026a87b47fb8]
Event: 82.022 Thread 0x0000026aff262b30 nmethod 1318 0x0000026a8080f390 code [0x0000026a8080f6c0, 0x0000026a80810c58]
Event: 82.022 Thread 0x0000026aff262b30 1319       3       java.lang.invoke.LambdaForm$BasicType::basicType (172 bytes)
Event: 82.023 Thread 0x0000026aff262b30 nmethod 1319 0x0000026a80811390 code [0x0000026a80811600, 0x0000026a80812028]
Event: 82.023 Thread 0x0000026aff262b30 1322       3       java.lang.invoke.LambdaFormBuffer::ownedCount (7 bytes)
Event: 82.023 Thread 0x0000026aff262b30 nmethod 1322 0x0000026a80812310 code [0x0000026a808124a0, 0x0000026a80812598]
Event: 82.023 Thread 0x0000026aff262b30 1324       3       java.lang.reflect.Modifier::isPrivate (12 bytes)
Event: 82.023 Thread 0x0000026aff262b30 nmethod 1324 0x0000026a80812610 code [0x0000026a808127a0, 0x0000026a808128d8]
Event: 82.023 Thread 0x0000026aff262b30 1325       3       java.lang.invoke.InvokerBytecodeGenerator::emitStoreResult (27 bytes)
Event: 82.023 Thread 0x0000026aff262b30 nmethod 1325 0x0000026a80812990 code [0x0000026a80812b40, 0x0000026a80812d28]
Event: 82.023 Thread 0x0000026aff262b30 1326       3       java.lang.invoke.LambdaForm$NamedFunction::member (26 bytes)
Event: 82.024 Thread 0x0000026aff262b30 nmethod 1326 0x0000026a80812e10 code [0x0000026a80812fa0, 0x0000026a808130b8]
Event: 82.024 Thread 0x0000026aff262b30 1327       3       java.lang.invoke.InvokerBytecodeGenerator::refKindOpcode (112 bytes)
Event: 82.024 Thread 0x0000026aff262b30 nmethod 1327 0x0000026a80813190 code [0x0000026a808133c0, 0x0000026a80813bd8]
Event: 82.024 Thread 0x0000026aff262b30 1329       3       java.lang.invoke.MethodType$ConcurrentWeakInternSet::add (66 bytes)
Event: 82.025 Thread 0x0000026aff262b30 nmethod 1329 0x0000026a80813e10 code [0x0000026a80814080, 0x0000026a80814ee8]

GC Heap History (2 events):
Event: 2.707 GC heap before
{Heap before GC invocations=0 (full 0):
 garbage-first heap   total 126976K, used 12288K [0x0000000084a00000, 0x0000000100000000)
  region size 1024K, 13 young (13312K), 0 survivors (0K)
 Metaspace       used 3210K, capacity 5939K, committed 6016K, reserved 1056768K
  class space    used 378K, capacity 613K, committed 640K, reserved 1048576K
}
Event: 2.712 GC heap after
{Heap after GC invocations=1 (full 0):
 garbage-first heap   total 126976K, used 2852K [0x0000000084a00000, 0x0000000100000000)
  region size 1024K, 2 young (2048K), 2 survivors (2048K)
 Metaspace       used 3210K, capacity 5939K, committed 6016K, reserved 1056768K
  class space    used 378K, capacity 613K, committed 640K, reserved 1048576K
}

Deoptimization events (18 events):
Event: 2.076 Thread 0x0000026aee2ba5b0 Uncommon trap: trap_request=0xffffff45 fr.pc=0x0000026a87adce74 relative=0x0000000000000794
Event: 2.076 Thread 0x0000026aee2ba5b0 Uncommon trap: reason=unstable_if action=reinterpret pc=0x0000026a87adce74 method=java.util.HashMap.putVal(ILjava/lang/Object;Ljava/lang/Object;ZZ)Ljava/lang/Object; @ 181 c2
Event: 2.076 Thread 0x0000026aee2ba5b0 DEOPT PACKING pc=0x0000026a87adce74 sp=0x00000093a5ffe740
Event: 2.076 Thread 0x0000026aee2ba5b0 DEOPT UNPACKING pc=0x0000026a8004e42f sp=0x00000093a5ffe700 mode 2
Event: 2.153 Thread 0x0000026aee2ba5b0 Uncommon trap: trap_request=0xffffff45 fr.pc=0x0000026a87ad5f70 relative=0x00000000000000d0
Event: 2.153 Thread 0x0000026aee2ba5b0 Uncommon trap: reason=unstable_if action=reinterpret pc=0x0000026a87ad5f70 method=java.lang.String.isLatin1()Z @ 10 c2
Event: 2.153 Thread 0x0000026aee2ba5b0 DEOPT PACKING pc=0x0000026a87ad5f70 sp=0x00000093a5ffed20
Event: 2.153 Thread 0x0000026aee2ba5b0 DEOPT UNPACKING pc=0x0000026a8004e42f sp=0x00000093a5ffec70 mode 2
Event: 2.631 Thread 0x0000026aee2ba5b0 DEOPT PACKING pc=0x0000026a805ed973 sp=0x00000093a5ffdba0
Event: 2.631 Thread 0x0000026aee2ba5b0 DEOPT UNPACKING pc=0x0000026a8004e23f sp=0x00000093a5ffd000 mode 0
Event: 3.187 Thread 0x0000026aee2ba5b0 Uncommon trap: trap_request=0xffffff45 fr.pc=0x0000026a87b0aba4 relative=0x00000000000000a4
Event: 3.187 Thread 0x0000026aee2ba5b0 Uncommon trap: reason=unstable_if action=reinterpret pc=0x0000026a87b0aba4 method=java.lang.CharacterDataLatin1.isWhitespace(I)Z @ 14 c2
Event: 3.187 Thread 0x0000026aee2ba5b0 DEOPT PACKING pc=0x0000026a87b0aba4 sp=0x00000093a5ffbe00
Event: 3.187 Thread 0x0000026aee2ba5b0 DEOPT UNPACKING pc=0x0000026a8004e42f sp=0x00000093a5ffbd90 mode 2
Event: 3.658 Thread 0x0000026aee2ba5b0 Uncommon trap: trap_request=0xffffff45 fr.pc=0x0000026a87b0c5c0 relative=0x00000000000003a0
Event: 3.658 Thread 0x0000026aee2ba5b0 Uncommon trap: reason=unstable_if action=reinterpret pc=0x0000026a87b0c5c0 method=java.lang.StringUTF16.compress([CI[BII)I @ 20 c2
Event: 3.658 Thread 0x0000026aee2ba5b0 DEOPT PACKING pc=0x0000026a87b0c5c0 sp=0x00000093a5ffc0f0
Event: 3.658 Thread 0x0000026aee2ba5b0 DEOPT UNPACKING pc=0x0000026a8004e42f sp=0x00000093a5ffc070 mode 2

Classes unloaded (0 events):
No events

Classes redefined (4 events):
Event: 325.138 Thread 0x0000026aff23d450 redefined class name=test.fr.eni.dal.PersonneDaoBddTest, count=1
Event: 448.531 Thread 0x0000026aff23d450 redefined class name=test.fr.eni.dal.PersonneDaoBddTest, count=2
Event: 818.438 Thread 0x0000026aff23d450 redefined class name=fr.eni.dal.PersonneDaoBdd, count=1
Event: 1042.269 Thread 0x0000026aff23d450 redefined class name=test.fr.eni.dal.PersonneDaoBddTest, count=3

Internal exceptions (20 events):
Event: 2.556 Thread 0x0000026aee2ba5b0 Exception <a 'java/lang/NoSuchMethodError'{0x000000008bcd6518}: 'int java.lang.invoke.DirectMethodHandle$Holder.invokeSpecial(java.lang.Object, java.lang.Object, java.lang.Object)'> (0x000000008bcd6518) 
thrown [./open/src/hotspot/share/interpreter/linkResolver.cpp, line 782]
Event: 2.572 Thread 0x0000026aee2ba5b0 Exception <a 'java/lang/NoSuchMethodError'{0x000000008bb114b0}: 'java.lang.Object java.lang.invoke.DirectMethodHandle$Holder.invokeInterface(java.lang.Object, java.lang.Object)'> (0x000000008bb114b0) 
thrown [./open/src/hotspot/share/interpreter/linkResolver.cpp, line 782]
Event: 2.573 Thread 0x0000026aee2ba5b0 Exception <a 'java/lang/IncompatibleClassChangeError'{0x000000008bb14c00}: Found class java.lang.Object, but interface was expected> (0x000000008bb14c00) 
thrown [./open/src/hotspot/share/interpreter/linkResolver.cpp, line 848]
Event: 2.589 Thread 0x0000026aee2ba5b0 Exception <a 'java/lang/NoSuchMethodError'{0x000000008bb478c8}: 'void java.lang.invoke.DirectMethodHandle$Holder.invokeSpecial(java.lang.Object, java.lang.Object, java.lang.Object, java.lang.Object, java.lang.Object)'> (0x000000008bb478c8) 
thrown [./open/src/hotspot/share/interpreter/linkResolver.cpp, line 782]
Event: 2.606 Thread 0x0000026aee2ba5b0 Exception <a 'java/lang/NoSuchMethodError'{0x000000008bba8db8}: 'void java.lang.invoke.DirectMethodHandle$Holder.invokeInterface(java.lang.Object, java.lang.Object, java.lang.Object)'> (0x000000008bba8db8) 
thrown [./open/src/hotspot/share/interpreter/linkResolver.cpp, line 782]
Event: 2.609 Thread 0x0000026aee2ba5b0 Exception <a 'java/lang/NoSuchMethodError'{0x000000008bbb61d0}: 'void java.lang.invoke.DirectMethodHandle$Holder.invokeStatic(java.lang.Object, java.lang.Object, java.lang.Object, java.lang.Object)'> (0x000000008bbb61d0) 
thrown [./open/src/hotspot/share/interpreter/linkResolver.cpp, line 782]
Event: 2.621 Thread 0x0000026aee2ba5b0 Exception <a 'java/lang/NoSuchMethodError'{0x000000008ba06768}: 'int java.lang.invoke.DirectMethodHandle$Holder.invokeSpecialIFC(java.lang.Object, java.lang.Object, java.lang.Object, java.lang.Object)'> (0x000000008ba06768) 
thrown [./open/src/hotspot/share/interpreter/linkResolver.cpp, line 782]
Event: 2.675 Thread 0x0000026aee2ba5b0 Exception <a 'java/lang/NoSuchMethodError'{0x000000008b956c00}: 'java.lang.Object java.lang.invoke.DirectMethodHandle$Holder.invokeSpecialIFC(java.lang.Object, java.lang.Object, java.lang.Object, java.lang.Object)'> (0x000000008b956c00) 
thrown [./open/src/hotspot/share/interpreter/linkResolver.cpp, line 782]
Event: 2.689 Thread 0x0000026aee2ba5b0 Exception <a 'java/lang/NoSuchMethodError'{0x000000008b98a7a0}: 'void java.lang.invoke.DirectMethodHandle$Holder.invokeStatic(java.lang.Object, java.lang.Object)'> (0x000000008b98a7a0) 
thrown [./open/src/hotspot/share/interpreter/linkResolver.cpp, line 782]
Event: 2.701 Thread 0x0000026aee2ba5b0 Exception <a 'java/lang/NoSuchMethodError'{0x000000008b9db0b8}: 'int java.lang.invoke.DirectMethodHandle$Holder.invokeVirtual(java.lang.Object, java.lang.Object, java.lang.Object)'> (0x000000008b9db0b8) 
thrown [./open/src/hotspot/share/interpreter/linkResolver.cpp, line 782]
Event: 2.704 Thread 0x0000026aee2ba5b0 Exception <a 'java/lang/NoSuchMethodError'{0x000000008b9f1ee8}: 'void java.lang.invoke.DirectMethodHandle$Holder.invokeInterface(java.lang.Object, java.lang.Object)'> (0x000000008b9f1ee8) 
thrown [./open/src/hotspot/share/interpreter/linkResolver.cpp, line 782]
Event: 2.705 Thread 0x0000026aee2ba5b0 Exception <a 'java/lang/IncompatibleClassChangeError'{0x000000008b9f53a0}: Found class java.lang.Object, but interface was expected> (0x000000008b9f53a0) 
thrown [./open/src/hotspot/share/interpreter/linkResolver.cpp, line 848]
Event: 2.727 Thread 0x0000026aee2ba5b0 Exception <a 'java/lang/NoSuchMethodError'{0x000000008c5d2d00}: 'void java.lang.invoke.DirectMethodHandle$Holder.invokeInterface(java.lang.Object, java.lang.Object, java.lang.Object, java.lang.Object)'> (0x000000008c5d2d00) 
thrown [./open/src/hotspot/share/interpreter/linkResolver.cpp, line 782]
Event: 2.727 Thread 0x0000026aee2ba5b0 Exception <a 'java/lang/IncompatibleClassChangeError'{0x000000008c5d6360}: Found class java.lang.Object, but interface was expected> (0x000000008c5d6360) 
thrown [./open/src/hotspot/share/interpreter/linkResolver.cpp, line 848]
Event: 2.732 Thread 0x0000026aee2ba5b0 Exception <a 'java/lang/NoSuchMethodError'{0x000000008c5f5f28}: 'java.lang.Object java.lang.invoke.DirectMethodHandle$Holder.invokeVirtual(java.lang.Object, java.lang.Object, java.lang.Object)'> (0x000000008c5f5f28) 
thrown [./open/src/hotspot/share/interpreter/linkResolver.cpp, line 782]
Event: 2.767 Thread 0x0000026aee2ba5b0 Exception <a 'java/lang/NoSuchMethodError'{0x000000008c4aeca8}: 'java.lang.Object java.lang.invoke.Invokers$Holder.invokeExact_MT(java.lang.Object, java.lang.Object, java.lang.Object, java.lang.Object, java.lang.Object, java.lang.Object)'> (0x000000008c4aeca8) 
thrown [./open/src/hotspot/share/interpreter/linkResolver.cpp, line 782]
Event: 2.801 Thread 0x0000026aee2ba5b0 Exception <a 'java/lang/NoSuchMethodError'{0x000000008c350968}: 'int java.lang.invoke.DirectMethodHandle$Holder.invokeStatic(java.lang.Object, java.lang.Object, java.lang.Object, java.lang.Object, java.lang.Object)'> (0x000000008c350968) 
thrown [./open/src/hotspot/share/interpreter/linkResolver.cpp, line 782]
Event: 2.830 Thread 0x0000026aee2ba5b0 Exception <a 'java/lang/NoSuchMethodError'{0x000000008c3f3040}: 'int java.lang.invoke.DirectMethodHandle$Holder.invokeStaticInit(java.lang.Object, java.lang.Object, java.lang.Object)'> (0x000000008c3f3040) 
thrown [./open/src/hotspot/share/interpreter/linkResolver.cpp, line 782]
Event: 2.880 Thread 0x0000026aee2ba5b0 Exception <a 'java/lang/NoSuchMethodError'{0x000000008c29a388}: 'int java.lang.invoke.DirectMethodHandle$Holder.invokeStaticInit(java.lang.Object, java.lang.Object)'> (0x000000008c29a388) 
thrown [./open/src/hotspot/share/interpreter/linkResolver.cpp, line 782]
Event: 1042.391 Thread 0x0000026affd4bba0 Exception <a 'java/lang/LinkageError'{0x000000008bba2068}> (0x000000008bba2068) 
thrown [./open/src/hotspot/share/oops/generateOopMap.cpp, line 2137]

Events (20 events):
Event: 1031.234 Executing VM operation: ChangeBreakpoints
Event: 1031.235 Executing VM operation: ChangeBreakpoints done
Event: 1042.262 Executing VM operation: ChangeBreakpoints
Event: 1042.263 Executing VM operation: ChangeBreakpoints done
Event: 1042.265 Executing VM operation: RedefineClasses
Event: 1042.276 Executing VM operation: RedefineClasses done
Event: 1042.276 Executing VM operation: GetFrameCount
Event: 1042.276 Executing VM operation: GetFrameCount done
Event: 1042.277 Executing VM operation: GetFrameCount
Event: 1042.277 Executing VM operation: GetFrameCount done
Event: 1042.277 Executing VM operation: GetStackTrace
Event: 1042.277 Executing VM operation: GetStackTrace done
Event: 1042.322 Executing VM operation: ChangeBreakpoints
Event: 1042.323 Executing VM operation: ChangeBreakpoints done
Event: 1042.336 Executing VM operation: GetFrameCount
Event: 1042.336 Executing VM operation: GetFrameCount done
Event: 1042.336 Executing VM operation: GetStackTrace
Event: 1042.336 Executing VM operation: GetStackTrace done
Event: 1042.391 Executing VM operation: GetFrameLocation
Event: 1042.391 Executing VM operation: GetFrameLocation done


Dynamic libraries:
0x00007ff630300000 - 0x00007ff63030d000 	C:\Users\Elodie\.jdks\openjdk-15.0.2\bin\java.exe
0x00007ffd661a0000 - 0x00007ffd66390000 	C:\Windows\SYSTEM32\ntdll.dll
0x00007ffd64c50000 - 0x00007ffd64d02000 	C:\Windows\System32\KERNEL32.DLL
0x00007ffd63170000 - 0x00007ffd63415000 	C:\Windows\System32\KERNELBASE.dll
0x00007ffd640d0000 - 0x00007ffd641ca000 	C:\Windows\System32\ucrtbase.dll
0x00007ffd3c4e0000 - 0x00007ffd3c4f8000 	C:\Users\Elodie\.jdks\openjdk-15.0.2\bin\jli.dll
0x00007ffd65fc0000 - 0x00007ffd66154000 	C:\Windows\System32\USER32.dll
0x00007ffd63690000 - 0x00007ffd636b1000 	C:\Windows\System32\win32u.dll
0x00007ffd64c20000 - 0x00007ffd64c46000 	C:\Windows\System32\GDI32.dll
0x00007ffd63420000 - 0x00007ffd635b8000 	C:\Windows\System32\gdi32full.dll
0x00007ffd635c0000 - 0x00007ffd6365e000 	C:\Windows\System32\msvcp_win.dll
0x00007ffd3c4c0000 - 0x00007ffd3c4d9000 	C:\Users\Elodie\.jdks\openjdk-15.0.2\bin\VCRUNTIME140.dll
0x00007ffd4f2d0000 - 0x00007ffd4f554000 	C:\Windows\WinSxS\amd64_microsoft.windows.common-controls_6595b64144ccf1df_6.0.18362.1379_none_9e7ff3b3e45cc0c4\COMCTL32.dll
0x00007ffd646b0000 - 0x00007ffd6474e000 	C:\Windows\System32\msvcrt.dll
0x00007ffd64750000 - 0x00007ffd64a87000 	C:\Windows\System32\combase.dll
0x00007ffd64580000 - 0x00007ffd6469f000 	C:\Windows\System32\RPCRT4.dll
0x00007ffd63810000 - 0x00007ffd63891000 	C:\Windows\System32\bcryptPrimitives.dll
0x00007ffd64b40000 - 0x00007ffd64b6e000 	C:\Windows\System32\IMM32.DLL
0x00007ffd3f9b0000 - 0x00007ffd3f9bc000 	C:\Users\Elodie\.jdks\openjdk-15.0.2\bin\vcruntime140_1.dll
0x00007ffd39110000 - 0x00007ffd391a1000 	C:\Users\Elodie\.jdks\openjdk-15.0.2\bin\msvcp140.dll
0x00007ffd00ca0000 - 0x00007ffd017fe000 	C:\Users\Elodie\.jdks\openjdk-15.0.2\bin\server\jvm.dll
0x00007ffd64a90000 - 0x00007ffd64b33000 	C:\Windows\System32\ADVAPI32.dll
0x00007ffd65900000 - 0x00007ffd65997000 	C:\Windows\System32\sechost.dll
0x00007ffd64570000 - 0x00007ffd64578000 	C:\Windows\System32\PSAPI.DLL
0x00007ffd52e10000 - 0x00007ffd52e19000 	C:\Windows\SYSTEM32\WSOCK32.dll
0x00007ffd65f50000 - 0x00007ffd65fbf000 	C:\Windows\System32\WS2_32.dll
0x00007ffd60b90000 - 0x00007ffd60bb4000 	C:\Windows\SYSTEM32\WINMM.dll
0x00007ffd61720000 - 0x00007ffd6172a000 	C:\Windows\SYSTEM32\VERSION.dll
0x00007ffd60b60000 - 0x00007ffd60b8d000 	C:\Windows\SYSTEM32\WINMMBASE.dll
0x00007ffd63120000 - 0x00007ffd6316a000 	C:\Windows\System32\cfgmgr32.dll
0x00007ffd63060000 - 0x00007ffd63071000 	C:\Windows\System32\kernel.appcore.dll
0x00007ffd3c770000 - 0x00007ffd3c77a000 	C:\Users\Elodie\.jdks\openjdk-15.0.2\bin\jimage.dll
0x00007ffd61a10000 - 0x00007ffd61c04000 	C:\Windows\SYSTEM32\DBGHELP.DLL
0x00007ffd4ea90000 - 0x00007ffd4eaba000 	C:\Windows\SYSTEM32\dbgcore.DLL
0x00007ffd392c0000 - 0x00007ffd392f9000 	C:\Users\Elodie\.jdks\openjdk-15.0.2\bin\jdwp.dll
0x00007ffd392b0000 - 0x00007ffd392be000 	C:\Users\Elodie\.jdks\openjdk-15.0.2\bin\instrument.dll
0x00007ffd3c260000 - 0x00007ffd3c285000 	C:\Users\Elodie\.jdks\openjdk-15.0.2\bin\java.dll
0x00007ffd651b0000 - 0x00007ffd65898000 	C:\Windows\System32\SHELL32.dll
0x00007ffd64b70000 - 0x00007ffd64c17000 	C:\Windows\System32\shcore.dll
0x00007ffd638a0000 - 0x00007ffd6401b000 	C:\Windows\System32\windows.storage.dll
0x00007ffd630f0000 - 0x00007ffd63113000 	C:\Windows\System32\profapi.dll
0x00007ffd63080000 - 0x00007ffd630ca000 	C:\Windows\System32\powrprof.dll
0x00007ffd63050000 - 0x00007ffd63060000 	C:\Windows\System32\UMPDC.dll
0x00007ffd64510000 - 0x00007ffd64562000 	C:\Windows\System32\shlwapi.dll
0x00007ffd641d0000 - 0x00007ffd641e7000 	C:\Windows\System32\cryptsp.dll
0x00007ffd39290000 - 0x00007ffd3929b000 	C:\Users\Elodie\.jdks\openjdk-15.0.2\bin\dt_socket.dll
0x00007ffd625a0000 - 0x00007ffd625da000 	C:\Windows\SYSTEM32\IPHLPAPI.DLL
0x00007ffd62890000 - 0x00007ffd628f7000 	C:\Windows\system32\mswsock.dll
0x00007ffd393b0000 - 0x00007ffd393c8000 	C:\Users\Elodie\.jdks\openjdk-15.0.2\bin\zip.dll
0x00007ffd3c340000 - 0x00007ffd3c359000 	C:\Users\Elodie\.jdks\openjdk-15.0.2\bin\net.dll
0x00007ffd59cb0000 - 0x00007ffd59da0000 	C:\Windows\SYSTEM32\WINHTTP.dll
0x00007ffd3c110000 - 0x00007ffd3c122000 	C:\Users\Elodie\.jdks\openjdk-15.0.2\bin\nio.dll
0x00007ffd39300000 - 0x00007ffd39310000 	C:\Users\Elodie\.jdks\openjdk-15.0.2\bin\verify.dll
0x00007ffd625e0000 - 0x00007ffd626ab000 	C:\Windows\SYSTEM32\DNSAPI.dll
0x00007ffd64350000 - 0x00007ffd64358000 	C:\Windows\System32\NSI.dll
0x00007ffd561e0000 - 0x00007ffd561ea000 	C:\Windows\System32\rasadhlp.dll
0x00007ffd59f50000 - 0x00007ffd59fc7000 	C:\Windows\System32\fwpuclnt.dll
0x00007ffd63660000 - 0x00007ffd63686000 	C:\Windows\System32\bcrypt.dll

dbghelp: loaded successfully - version: 4.0.5 - missing functions: none
symbol engine: initialized successfully - sym options: 0x614 - pdb path: .;C:\Users\Elodie\.jdks\openjdk-15.0.2\bin;C:\Windows\SYSTEM32;C:\Windows\WinSxS\amd64_microsoft.windows.common-controls_6595b64144ccf1df_6.0.18362.1379_none_9e7ff3b3e45cc0c4;C:\Users\Elodie\.jdks\openjdk-15.0.2\bin\server

VM Arguments:
jvm_args: -agentlib:jdwp=transport=dt_socket,address=127.0.0.1:62279,suspend=y,server=n -ea -Didea.test.cyclic.buffer.size=1048576 -javaagent:C:\Users\Elodie\AppData\Local\JetBrains\IdeaIC2020.3\captureAgent\debugger-agent.jar -Dfile.encoding=UTF-8 
java_command: com.intellij.rt.junit.JUnitStarter -ideVersion5 -junit5 test.fr.eni.dal.PersonneDaoBddTest,delete
java_class_path (initial): C:\Users\Elodie\dev\IntelliJ IDEA Community Edition 2020.3.2\lib\idea_rt.jar;C:\Users\Elodie\.m2\repository\org\junit\platform\junit-platform-launcher\1.4.2\junit-platform-launcher-1.4.2.jar;C:\Users\Elodie\.m2\repository\org\junit\vintage\junit-vintage-engine\5.4.2\junit-vintage-engine-5.4.2.jar;C:\Users\Elodie\dev\IntelliJ IDEA Community Edition 2020.3.2\plugins\junit\lib\junit5-rt.jar;C:\Users\Elodie\dev\IntelliJ IDEA Community Edition 2020.3.2\plugins\junit\lib\junit-rt.jar;C:\Users\Elodie\dev\eclipse-workspace\PARKING2\out\production\PARKING2;C:\ZoneDev\mysql-connector-java-5.0.5\mysql-connector-java-5.0.5\mysql-connector-java-5.0.5-bin.jar;C:\Users\Elodie\dev\javafx-sdk-11.0.2\lib\src.zip;C:\Users\Elodie\dev\javafx-sdk-11.0.2\lib\javafx-swt.jar;C:\Users\Elodie\dev\javafx-sdk-11.0.2\lib\javafx.web.jar;C:\Users\Elodie\dev\javafx-sdk-11.0.2\lib\javafx.base.jar;C:\Users\Elodie\dev\javafx-sdk-11.0.2\lib\javafx.fxml.jar;C:\Users\Elodie\dev\javafx-sdk-11.0.2\lib\javafx.media.jar;C:\Users\Elodie\dev\javafx-sdk-11.0.2\lib\javafx.swing.jar;C:\Users\Elodie\dev\javafx-sdk-11.0.2\lib\javafx.controls.jar;C:\Users\Elodie\dev\javafx-sdk-11.0.2\lib\javafx.graphics.jar;C:\Users\Elodie\.m2\repository\junit\junit\4.12\junit-4.12.jar;C:\Users\Elodie\.m2\repository\org\hamcrest\hamcrest-core\1.3\hamcrest-core-1.3.jar;C:\Users\Elodie\.m2\repository\org\junit\jupiter\junit-jupiter\5.4.2\junit-jupiter-5.4.2.jar;C:\Users\Elodie\.m2\repository\org\junit\jupiter\junit-jupiter-api\5.4.2\junit-jupiter-api-5.4.2.jar;C:\Users\Elodie\.m2\repository\org\apiguardian\apiguardian-api\1.0.0\apiguardian-api-1.0.0.jar;C:\Users\Elodie\.m2\repository\org\opentest4j\opentest4j\1.1.1\opentest4j-1.1.1.jar;C:\Users\Elodie\.m2\repository\org\junit\platform\junit-platform-commons\1.4.2\junit-platform-commons-1.4.2.jar;C:\Users\Elodie\.m2\repository\org\junit\jupiter\junit-jupiter-params\5.4.2\junit-jupiter-params-5.4.2.jar;C:\Users\Elodie\.m2\repository\org\junit\jupiter\junit-j
Launcher Type: SUN_STANDARD

[Global flags]
     intx CICompilerCount                          = 3                                         {product} {ergonomic}
     uint ConcGCThreads                            = 1                                         {product} {ergonomic}
     uint G1ConcRefinementThreads                  = 4                                         {product} {ergonomic}
   size_t G1HeapRegionSize                         = 1048576                                   {product} {ergonomic}
    uintx GCDrainStackTargetSize                   = 64                                        {product} {ergonomic}
   size_t InitialHeapSize                          = 130023424                                 {product} {ergonomic}
   size_t MarkStackSize                            = 4194304                                   {product} {ergonomic}
   size_t MaxHeapSize                              = 2069889024                                {product} {ergonomic}
   size_t MaxNewSize                               = 1241513984                                {product} {ergonomic}
   size_t MinHeapDeltaBytes                        = 1048576                                   {product} {ergonomic}
   size_t MinHeapSize                              = 8388608                                   {product} {ergonomic}
    uintx NonNMethodCodeHeapSize                   = 5832780                                {pd product} {ergonomic}
    uintx NonProfiledCodeHeapSize                  = 122912730                              {pd product} {ergonomic}
    uintx ProfiledCodeHeapSize                     = 122912730                              {pd product} {ergonomic}
    uintx ReservedCodeCacheSize                    = 251658240                              {pd product} {ergonomic}
     bool SegmentedCodeCache                       = true                                      {product} {ergonomic}
   size_t SoftMaxHeapSize                          = 2069889024                             {manageable} {ergonomic}
     bool UseCompressedClassPointers               = true                                 {lp64_product} {ergonomic}
     bool UseCompressedOops                        = true                                 {lp64_product} {ergonomic}
     bool UseG1GC                                  = true                                      {product} {ergonomic}
     bool UseLargePagesIndividualAllocation        = false                                  {pd product} {ergonomic}

Logging:
Log output configuration:
 #0: stdout all=warning uptime,level,tags
 #1: stderr all=off uptime,level,tags

Environment Variables:
PATH=C:\app\Elodie\product\18.0.0\dbhomeXE\bin;C:\Program Files (x86)\Common Files\Oracle\Java\javapath;C:\Windows\system32;C:\Windows;C:\Windows\System32\Wbem;C:\Windows\System32\WindowsPowerShell\v1.0\;C:\Windows\System32\OpenSSH\;C:\Program Files\nodejs\;C:\Program Files (x86)\Yarn\bin\;C:\Program Files\Git\cmd;C:\Program Files\Java\jdk1.8.0_251\bin;C:\Program Files\Microsoft SQL Server\Client SDK\ODBC\170\Tools\Binn\;C:\Program Files (x86)\Microsoft SQL Server\150\Tools\Binn\;C:\Program Files\Microsoft SQL Server\150\Tools\Binn\;C:\Program Files\Microsoft SQL Server\150\DTS\Binn\;C:\Program Files\Azure Data Studio\bin;C:\Program Files (x86)\Microsoft SQL Server\150\DTS\Binn\;C:\Users\Elodie\AppData\Local\Microsoft\WindowsApps;;C:\Users\Elodie\AppData\Local\Programs\Microsoft VS Code\bin;C:\Users\Elodie\AppData\Roaming\npm;C:\Users\Elodie\AppData\Local\Yarn\bin;C:\Program Files\Azure Data Studio\bin;C:\Users\Elodie\dev\IntelliJ IDEA Community Edition 2020.3.2\bin;
USERNAME=Elodie
OS=Windows_NT
PROCESSOR_IDENTIFIER=Intel64 Family 6 Model 61 Stepping 4, GenuineIntel



---------------  S Y S T E M  ---------------

OS:
 Windows 10 , 64 bit Build 18362 (10.0.18362.1350)
OS uptime: 3 days 23:43 hours

CPU: total 4 (initial active 4) (2 cores per cpu, 2 threads per core) family 6 model 61 stepping 4 microcode 0x2d, cmov, cx8, fxsr, mmx, sse, sse2, sse3, ssse3, sse4.1, sse4.2, popcnt, vzeroupper, avx, avx2, aes, clmul, erms, rtm, 3dnowpref, lzcnt, ht, tsc, tscinvbit, bmi1, bmi2, adx, fma, clflush

Memory: 4k page, system-wide physical 7888M (1654M free)
TotalPageFile size 12752M (AvailPageFile size 2670M)
current process WorkingSet (physical memory assigned to process): 63M, peak: 74M
current process commit charge ("private bytes"): 213M, peak: 225M

vm_info: OpenJDK 64-Bit Server VM (15.0.2+7-27) for windows-amd64 JRE (15.0.2+7-27), built on Dec  7 2020 20:02:38 by "mach5one" with unknown MS VC++:1925

END.
